<?xml version="1.0" encoding="UTF-8"?>
<testsuite name="htw_berlin.webtech.WebtechApplicationTests" tests="1" skipped="0" failures="0" errors="0" timestamp="2025-06-02T18:16:15" hostname="KIM" time="2.377">
  <properties/>
  <testcase name="contextLoads()" classname="htw_berlin.webtech.WebtechApplicationTests" time="2.377"/>
  <system-out><![CDATA[20:15:48.764 [Test worker] INFO org.springframework.test.context.support.AnnotationConfigContextLoaderUtils -- Could not detect default configuration classes for test class [htw_berlin.webtech.WebtechApplicationTests]: WebtechApplicationTests does not declare any static, non-private, non-final, nested classes annotated with @Configuration.
20:15:49.305 [Test worker] INFO org.springframework.boot.test.context.SpringBootTestContextBootstrapper -- Found @SpringBootConfiguration htw_berlin.webtech.WebtechApplication for test class htw_berlin.webtech.WebtechApplicationTests

  .   ____          _            __ _ _
 /\\ / ___'_ __ _ _(_)_ __  __ _ \ \ \ \
( ( )\___ | '_ | '_| | '_ \/ _` | \ \ \ \
 \\/  ___)| |_)| | | | | || (_| |  ) ) ) )
  '  |____| .__|_| |_|_| |_\__, | / / / /
 =========|_|==============|___/=/_/_/_/

 :: Spring Boot ::                (v3.4.4)

2025-06-02T20:15:51.344+02:00  INFO 17196 --- [    Test worker] h.webtech.WebtechApplicationTests        : Starting WebtechApplicationTests using Java 21.0.4 with PID 17196 (started by lucid in C:\Webtechnologien\webtech\backend)
2025-06-02T20:15:51.352+02:00  INFO 17196 --- [    Test worker] h.webtech.WebtechApplicationTests        : No active profile set, falling back to 1 default profile: "default"
2025-06-02T20:15:55.128+02:00  INFO 17196 --- [    Test worker] .s.d.r.c.RepositoryConfigurationDelegate : Bootstrapping Spring Data JPA repositories in DEFAULT mode.
2025-06-02T20:15:55.472+02:00  INFO 17196 --- [    Test worker] .s.d.r.c.RepositoryConfigurationDelegate : Finished Spring Data repository scanning in 271 ms. Found 4 JPA repository interfaces.
2025-06-02T20:15:58.167+02:00  INFO 17196 --- [    Test worker] com.zaxxer.hikari.HikariDataSource       : HikariPool-1 - Starting...
2025-06-02T20:16:00.290+02:00  INFO 17196 --- [    Test worker] com.zaxxer.hikari.pool.HikariPool        : HikariPool-1 - Added connection conn0: url=jdbc:h2:mem:Jobdb user=KIM
2025-06-02T20:16:00.298+02:00  INFO 17196 --- [    Test worker] com.zaxxer.hikari.HikariDataSource       : HikariPool-1 - Start completed.
2025-06-02T20:16:00.570+02:00  INFO 17196 --- [    Test worker] o.hibernate.jpa.internal.util.LogHelper  : HHH000204: Processing PersistenceUnitInfo [name: default]
2025-06-02T20:16:01.165+02:00  INFO 17196 --- [    Test worker] org.hibernate.Version                    : HHH000412: Hibernate ORM core version 6.6.11.Final
2025-06-02T20:16:01.309+02:00  INFO 17196 --- [    Test worker] o.h.c.internal.RegionFactoryInitiator    : HHH000026: Second-level cache disabled
2025-06-02T20:16:02.171+02:00  INFO 17196 --- [    Test worker] o.s.o.j.p.SpringPersistenceUnitInfo      : No LoadTimeWeaver setup: ignoring JPA class transformer
2025-06-02T20:16:02.374+02:00  INFO 17196 --- [    Test worker] org.hibernate.orm.connections.pooling    : HHH10001005: Database info:
	Database JDBC URL [Connecting through datasource 'HikariDataSource (HikariPool-1)']
	Database driver: undefined/unknown
	Database version: 2.1.214
	Autocommit mode: undefined/unknown
	Isolation level: undefined/unknown
	Minimum pool size: undefined/unknown
	Maximum pool size: undefined/unknown
2025-06-02T20:16:06.083+02:00  INFO 17196 --- [    Test worker] o.h.e.t.j.p.i.JtaPlatformInitiator       : HHH000489: No JTA platform available (set 'hibernate.transaction.jta.platform' to enable JTA platform integration)
2025-06-02T20:16:06.296+02:00  INFO 17196 --- [    Test worker] j.LocalContainerEntityManagerFactoryBean : Initialized JPA EntityManagerFactory for persistence unit 'default'
2025-06-02T20:16:10.210+02:00  WARN 17196 --- [    Test worker] JpaBaseConfiguration$JpaWebConfiguration : spring.jpa.open-in-view is enabled by default. Therefore, database queries may be performed during view rendering. Explicitly configure spring.jpa.open-in-view to disable this warning
2025-06-02T20:16:13.828+02:00  WARN 17196 --- [    Test worker] .s.s.UserDetailsServiceAutoConfiguration : 

Using generated security password: 222e9f81-c40d-4da7-9b8d-d4e1c9fa2350

This generated password is for development use only. Your security configuration must be updated before running your application in production.

2025-06-02T20:16:13.953+02:00  INFO 17196 --- [    Test worker] r$InitializeUserDetailsManagerConfigurer : Global AuthenticationManager configured with UserDetailsService bean with name inMemoryUserDetailsManager
2025-06-02T20:16:15.088+02:00  INFO 17196 --- [    Test worker] h.webtech.WebtechApplicationTests        : Started WebtechApplicationTests in 24.8 seconds (process running for 29.47)
]]></system-out>
  <system-err><![CDATA[Mockito is currently self-attaching to enable the inline-mock-maker. This will no longer work in future releases of the JDK. Please add Mockito as an agent to your build what is described in Mockito's documentation: https://javadoc.io/doc/org.mockito/mockito-core/latest/org/mockito/Mockito.html#0.3
WARNING: A Java agent has been loaded dynamically (C:\Users\lucid\.gradle\caches\modules-2\files-2.1\net.bytebuddy\byte-buddy-agent\1.15.11\a38b16385e867f59a641330f0362ebe742788ed8\byte-buddy-agent-1.15.11.jar)
WARNING: If a serviceability tool is in use, please run with -XX:+EnableDynamicAgentLoading to hide this warning
WARNING: If a serviceability tool is not in use, please run with -Djdk.instrument.traceUsage for more information
WARNING: Dynamic loading of agents will be disallowed by default in a future release
]]></system-err>
</testsuite>
