<?xml version="1.0" encoding="UTF-8"?>
<testsuite name="htw_berlin.webtech.WebtechApplicationTests" tests="1" skipped="0" failures="0" errors="0" timestamp="2025-04-20T10:12:39.237Z" hostname="KIM" time="1.392">
  <properties/>
  <testcase name="contextLoads()" classname="htw_berlin.webtech.WebtechApplicationTests" time="1.392"/>
  <system-out><![CDATA[12:12:20.754 [Test worker] INFO org.springframework.test.context.support.AnnotationConfigContextLoaderUtils -- Could not detect default configuration classes for test class [htw_berlin.webtech.WebtechApplicationTests]: WebtechApplicationTests does not declare any static, non-private, non-final, nested classes annotated with @Configuration.
12:12:21.015 [Test worker] INFO org.springframework.boot.test.context.SpringBootTestContextBootstrapper -- Found @SpringBootConfiguration htw_berlin.webtech.WebtechApplication for test class htw_berlin.webtech.WebtechApplicationTests

  .   ____          _            __ _ _
 /\\ / ___'_ __ _ _(_)_ __  __ _ \ \ \ \
( ( )\___ | '_ | '_| | '_ \/ _` | \ \ \ \
 \\/  ___)| |_)| | | | | || (_| |  ) ) ) )
  '  |____| .__|_| |_|_| |_\__, | / / / /
 =========|_|==============|___/=/_/_/_/

 :: Spring Boot ::                (v3.4.4)

2025-04-20T12:12:22.118+02:00  INFO 10092 --- [webtech] [    Test worker] h.webtech.WebtechApplicationTests        : Starting WebtechApplicationTests using Java 21.0.4 with PID 10092 (started by lucid in C:\Webtechnologien\webtech)
2025-04-20T12:12:22.121+02:00  INFO 10092 --- [webtech] [    Test worker] h.webtech.WebtechApplicationTests        : No active profile set, falling back to 1 default profile: "default"
2025-04-20T12:12:25.225+02:00  INFO 10092 --- [webtech] [    Test worker] .s.d.r.c.RepositoryConfigurationDelegate : Bootstrapping Spring Data JPA repositories in DEFAULT mode.
2025-04-20T12:12:25.315+02:00  INFO 10092 --- [webtech] [    Test worker] .s.d.r.c.RepositoryConfigurationDelegate : Finished Spring Data repository scanning in 41 ms. Found 0 JPA repository interfaces.
2025-04-20T12:12:27.827+02:00  INFO 10092 --- [webtech] [    Test worker] o.hibernate.jpa.internal.util.LogHelper  : HHH000204: Processing PersistenceUnitInfo [name: default]
2025-04-20T12:12:28.173+02:00  INFO 10092 --- [webtech] [    Test worker] org.hibernate.Version                    : HHH000412: Hibernate ORM core version 6.6.11.Final
2025-04-20T12:12:28.322+02:00  INFO 10092 --- [webtech] [    Test worker] o.h.c.internal.RegionFactoryInitiator    : HHH000026: Second-level cache disabled
2025-04-20T12:12:29.360+02:00  INFO 10092 --- [webtech] [    Test worker] o.s.o.j.p.SpringPersistenceUnitInfo      : No LoadTimeWeaver setup: ignoring JPA class transformer
2025-04-20T12:12:29.449+02:00  INFO 10092 --- [webtech] [    Test worker] com.zaxxer.hikari.HikariDataSource       : HikariPool-1 - Starting...
2025-04-20T12:12:30.017+02:00  INFO 10092 --- [webtech] [    Test worker] com.zaxxer.hikari.pool.HikariPool        : HikariPool-1 - Added connection conn0: url=jdbc:h2:file:./data/mydb user=KIM
2025-04-20T12:12:30.023+02:00  INFO 10092 --- [webtech] [    Test worker] com.zaxxer.hikari.HikariDataSource       : HikariPool-1 - Start completed.
2025-04-20T12:12:30.081+02:00  WARN 10092 --- [webtech] [    Test worker] org.hibernate.orm.deprecation            : HHH90000025: H2Dialect does not need to be specified explicitly using 'hibernate.dialect' (remove the property setting and it will be selected by default)
2025-04-20T12:12:30.128+02:00  INFO 10092 --- [webtech] [    Test worker] org.hibernate.orm.connections.pooling    : HHH10001005: Database info:
	Database JDBC URL [Connecting through datasource 'HikariDataSource (HikariPool-1)']
	Database driver: undefined/unknown
	Database version: 2.1.214
	Autocommit mode: undefined/unknown
	Isolation level: undefined/unknown
	Minimum pool size: undefined/unknown
	Maximum pool size: undefined/unknown
2025-04-20T12:12:33.510+02:00  INFO 10092 --- [webtech] [    Test worker] o.h.e.t.j.p.i.JtaPlatformInitiator       : HHH000489: No JTA platform available (set 'hibernate.transaction.jta.platform' to enable JTA platform integration)
2025-04-20T12:12:33.749+02:00  INFO 10092 --- [webtech] [    Test worker] j.LocalContainerEntityManagerFactoryBean : Initialized JPA EntityManagerFactory for persistence unit 'default'
2025-04-20T12:12:38.425+02:00  INFO 10092 --- [webtech] [    Test worker] o.s.b.a.h2.H2ConsoleAutoConfiguration    : H2 console available at '/db-console'. Database available at 'jdbc:h2:file:./data/mydb'
2025-04-20T12:12:39.091+02:00  INFO 10092 --- [webtech] [    Test worker] h.webtech.WebtechApplicationTests        : Started WebtechApplicationTests in 17.705 seconds (process running for 19.867)
]]></system-out>
  <system-err><![CDATA[Mockito is currently self-attaching to enable the inline-mock-maker. This will no longer work in future releases of the JDK. Please add Mockito as an agent to your build what is described in Mockito's documentation: https://javadoc.io/doc/org.mockito/mockito-core/latest/org/mockito/Mockito.html#0.3
WARNING: A Java agent has been loaded dynamically (C:\Users\lucid\.gradle\caches\modules-2\files-2.1\net.bytebuddy\byte-buddy-agent\1.15.11\a38b16385e867f59a641330f0362ebe742788ed8\byte-buddy-agent-1.15.11.jar)
WARNING: If a serviceability tool is in use, please run with -XX:+EnableDynamicAgentLoading to hide this warning
WARNING: If a serviceability tool is not in use, please run with -Djdk.instrument.traceUsage for more information
WARNING: Dynamic loading of agents will be disallowed by default in a future release
]]></system-err>
</testsuite>
